ParseStarterProject/build/intermediates/proguard-rules/release/aapt_rules.txt
# Referenced at merged_manifests/release/AndroidManifest.xml:32
-keep class android.support.v4.app.CoreComponentFactory { <init>(); }
# Referenced at merged_manifests/release/AndroidManifest.xml:77
-keep class com.google.android.gms.ads.AdActivity { <init>(); }
# Referenced at merged_manifests/release/AndroidManifest.xml:93
-keep class com.google.android.gms.analytics.AnalyticsJobService { <init>(); }
# Referenced at merged_manifests/release/AndroidManifest.xml:83
-keep class com.google.android.gms.analytics.AnalyticsReceiver { <init>(); }
# Referenced at merged_manifests/release/AndroidManifest.xml:89
-keep class com.google.android.gms.analytics.AnalyticsService { <init>(); }
# Referenced at merged_manifests/release/AndroidManifest.xml:99
-keep class com.google.android.gms.appinvite.PreviewActivity { <init>(); }
# Referenced at merged_manifests/release/AndroidManifest.xml:118
-keep class com.google.android.gms.auth.api.signin.RevocationBoundService { <init>(); }
# Referenced at merged_manifests/release/AndroidManifest.xml:109
-keep class com.google.android.gms.auth.api.signin.internal.SignInHubActivity { <init>(); }
# Referenced at merged_manifests/release/AndroidManifest.xml:69
-keep class com.google.android.gms.cast.framework.ReconnectionService { <init>(); }
# Referenced at merged_manifests/release/AndroidManifest.xml:66
-keep class com.google.android.gms.cast.framework.media.MediaIntentReceiver { <init>(); }
# Referenced at merged_manifests/release/AndroidManifest.xml:68
-keep class com.google.android.gms.cast.framework.media.MediaNotificationService { <init>(); }
# Referenced at merged_manifests/release/AndroidManifest.xml:213
-keep class com.google.android.gms.common.api.GoogleApiActivity { <init>(); }
# Referenced at merged_manifests/release/AndroidManifest.xml:165
-keep class com.google.android.gms.measurement.AppMeasurementInstallReferrerReceiver { <init>(); }
# Referenced at merged_manifests/release/AndroidManifest.xml:179
-keep class com.google.android.gms.measurement.AppMeasurementJobService { <init>(); }
# Referenced at merged_manifests/release/AndroidManifest.xml:160
-keep class com.google.android.gms.measurement.AppMeasurementReceiver { <init>(); }
# Referenced at merged_manifests/release/AndroidManifest.xml:175
-keep class com.google.android.gms.measurement.AppMeasurementService { <init>(); }
# Referenced at merged_manifests/release/AndroidManifest.xml:146
-keep class com.google.android.gms.tagmanager.TagManagerPreviewActivity { <init>(); }
# Referenced at merged_manifests/release/AndroidManifest.xml:141
-keep class com.google.android.gms.tagmanager.TagManagerService { <init>(); }
# Referenced at merged_manifests/release/AndroidManifest.xml:123
-keep class com.google.firebase.auth.internal.FederatedSignInActivity { <init>(); }
# Referenced at merged_manifests/release/AndroidManifest.xml:185
-keep class com.google.firebase.iid.FirebaseInstanceIdReceiver { <init>(); }
# Referenced at merged_manifests/release/AndroidManifest.xml:199
-keep class com.google.firebase.iid.FirebaseInstanceIdService { <init>(); }
# Referenced at merged_manifests/release/AndroidManifest.xml:134
-keep class com.google.firebase.messaging.FirebaseMessagingService { <init>(); }
# Referenced at merged_manifests/release/AndroidManifest.xml:207
-keep class com.google.firebase.provider.FirebaseInitProvider { <init>(); }
# Referenced at merged_manifests/release/AndroidManifest.xml:39
-keep class com.parse.starter.DriverLocationActivity { <init>(); }
# Referenced at merged_manifests/release/AndroidManifest.xml:56
-keep class com.parse.starter.MainActivity { <init>(); }
# Referenced at merged_manifests/release/AndroidManifest.xml:53
-keep class com.parse.starter.RiderActivity { <init>(); }
# Referenced at merged_manifests/release/AndroidManifest.xml:32
-keep class com.parse.starter.StarterApplication { <init>(); }
# Referenced at merged_manifests/release/AndroidManifest.xml:40
-keep class com.parse.starter.ViewRequestActivity { <init>(); }
# Referenced at res/layout/abc_alert_dialog_material.xml:41
-keep class android.support.v4.widget.NestedScrollView { <init>(...); }

# Referenced at res/layout/abc_select_dialog_material.xml:23
-keep class android.support.v7.app.AlertController$RecycleListView { <init>(...); }

# Referenced at res/layout/mr_volume_control.xml:43
-keep class android.support.v7.app.MediaRouteExpandCollapseButton { <init>(...); }

# Referenced at res/layout/mr_volume_control.xml:34
# Referenced at res/layout/mr_controller_volume_item.xml:43
-keep class android.support.v7.app.MediaRouteVolumeSlider { <init>(...); }

# Referenced at res/layout/mr_controller_material_dialog_b.xml:87
-keep class android.support.v7.app.OverlayListView { <init>(...); }

# Referenced at res/layout/abc_action_menu_item_layout.xml:17
-keep class android.support.v7.view.menu.ActionMenuItemView { <init>(...); }

# Referenced at res/layout/abc_expanded_menu_layout.xml:17
-keep class android.support.v7.view.menu.ExpandedMenuView { <init>(...); }

# Referenced at res/layout/abc_popup_menu_item_layout.xml:17
# Referenced at res/layout/abc_list_menu_item_layout.xml:17
# Referenced at res/layout/abc_cascading_menu_item_layout.xml:20
-keep class android.support.v7.view.menu.ListMenuItemView { <init>(...); }

# Referenced at res/layout/abc_screen_toolbar.xml:27
-keep class android.support.v7.widget.ActionBarContainer { <init>(...); }

# Referenced at res/layout/abc_screen_toolbar.xml:43
# Referenced at res/layout/abc_action_mode_bar.xml:19
-keep class android.support.v7.widget.ActionBarContextView { <init>(...); }

# Referenced at res/layout/abc_screen_toolbar.xml:17
-keep class android.support.v7.widget.ActionBarOverlayLayout { <init>(...); }

# Referenced at res/layout/abc_action_menu_layout.xml:17
-keep class android.support.v7.widget.ActionMenuView { <init>(...); }

# Referenced at res/layout/abc_activity_chooser_view.xml:19
-keep class android.support.v7.widget.ActivityChooserView$InnerLayout { <init>(...); }

# Referenced at res/layout/abc_alert_dialog_material.xml:18
-keep class android.support.v7.widget.AlertDialogLayout { <init>(...); }

# Referenced at res/layout/abc_alert_dialog_button_bar_material.xml:26
-keep class android.support.v7.widget.ButtonBarLayout { <init>(...); }

# Referenced at res/layout/abc_screen_content_include.xml:19
-keep class android.support.v7.widget.ContentFrameLayout { <init>(...); }

# Referenced at res/layout/abc_alert_dialog_title_material.xml:45
-keep class android.support.v7.widget.DialogTitle { <init>(...); }

# Referenced at res/layout/abc_screen_simple_overlay_action_mode.xml:23
-keep class android.support.v7.widget.FitWindowsFrameLayout { <init>(...); }

# Referenced at res/layout/abc_screen_simple.xml:17
# Referenced at res/layout/abc_dialog_title_material.xml:22
-keep class android.support.v7.widget.FitWindowsLinearLayout { <init>(...); }

# Referenced at res/layout/abc_search_view.xml:75
-keep class android.support.v7.widget.SearchView$SearchAutoComplete { <init>(...); }

# Referenced at res/layout/cast_expanded_controller_activity.xml:28
# Referenced at res/layout/abc_screen_toolbar.xml:36
-keep class android.support.v7.widget.Toolbar { <init>(...); }

# Referenced at res/layout/abc_screen_simple_overlay_action_mode.xml:32
# Referenced at res/layout/abc_screen_simple.xml:25
-keep class android.support.v7.widget.ViewStubCompat { <init>(...); }

# Referenced at res/layout/abc_alert_dialog_title_material.xml:56
# Referenced at res/layout/abc_alert_dialog_material.xml:52
# Referenced at res/layout/abc_alert_dialog_button_bar_material.xml:43
-keep class android.widget.Space { <init>(...); }

# Referenced at res/layout/cast_help_text.xml:2
-keep class com.google.android.gms.cast.framework.internal.featurehighlight.HelpTextView { <init>(...); }

# Referenced at res/layout/activity_rider.xml:8
# Referenced at res/layout/activity_driver_location.xml:9
-keep class com.google.android.gms.maps.SupportMapFragment { <init>(...); }

# Referenced at res/layout/activity_driver_location.xml:15
-keepclassmembers class * { *** acceptRequest(android.view.View); }

# Referenced at res/layout/activity_rider.xml:15
-keepclassmembers class * { *** callTaxi(android.view.View); }

# Referenced at res/layout/activity_rider.xml:28
-keepclassmembers class * { *** logout(android.view.View); }