ParseStarterProject/build/outputs/mapping/release/mapping.txt
# compiler: R8
# compiler_version: 1.4.77
# min_api: 14
...
android.support.v7.widget.AppCompatTextHelper$1 -> android.support.v7.widget.G:
    android.support.v7.widget.AppCompatTextHelper this$0 -> b
    java.lang.ref.WeakReference val$textViewWeak -> a
    1:1:void <init>(android.support.v7.widget.AppCompatTextHelper,java.lang.ref.WeakReference):252:252 -> <init>
    void onFontRetrievalFailed(int) -> a
    1:1:void onFontRetrieved(android.graphics.Typeface):255:255 -> a
android.support.v7.widget.AppCompatTextView -> android.support.v7.widget.I:
    android.support.v7.widget.AppCompatTextHelper mTextHelper -> b
    android.support.v7.widget.AppCompatBackgroundHelper mBackgroundTintHelper -> a
    java.util.concurrent.Future mPrecomputedTextFuture -> c
    1:1:void <init>(android.content.Context):79:79 -> <init>
    2:2:void <init>(android.content.Context,android.util.AttributeSet):83:83 -> <init>
    3:3:void <init>(android.content.Context,android.util.AttributeSet,int):87:87 -> <init>
    4:5:void <init>(android.content.Context,android.util.AttributeSet,int):89:90 -> <init>
    6:8:void <init>(android.content.Context,android.util.AttributeSet,int):92:94 -> <init>
    1:1:void consumeTextFutureAndSetBlocking():464:464 -> d
    2:3:void consumeTextFutureAndSetBlocking():467:468 -> d
    1:3:void drawableStateChanged():179:181 -> drawableStateChanged
    4:5:void drawableStateChanged():183:184 -> drawableStateChanged
    1:2:int getAutoSizeMaxTextSize():349:350 -> getAutoSizeMaxTextSize
    3:4:int getAutoSizeMaxTextSize():352:353 -> getAutoSizeMaxTextSize
    1:2:int getAutoSizeMinTextSize():330:331 -> getAutoSizeMinTextSize
    3:4:int getAutoSizeMinTextSize():333:334 -> getAutoSizeMinTextSize
    1:2:int getAutoSizeStepGranularity():311:312 -> getAutoSizeStepGranularity
    3:4:int getAutoSizeStepGranularity():314:315 -> getAutoSizeStepGranularity
    1:2:int[] getAutoSizeTextAvailableSizes():368:369 -> getAutoSizeTextAvailableSizes
android.support.v7.widget.AppCompatTextViewAutoSizeHelper -> android.support.v7.widget.J:
    int[] mAutoSizeTextSizesInPx -> h
    android.graphics.RectF TEMP_RECTF -> a
    boolean mHasPresetAutoSizeValues -> i
    float mAutoSizeMaxTextSizeInPx -> g
    android.content.Context mContext -> l
    java.util.concurrent.ConcurrentHashMap sTextViewMethodByNameCache -> b
    float mAutoSizeMinTextSizeInPx -> f
    float mAutoSizeStepGranularityInPx -> e
    android.text.TextPaint mTempTextPaint -> j
    android.widget.TextView mTextView -> k
    int mAutoSizeTextType -> c
    boolean mNeedsAutoSizeText -> d
    1:1:void <clinit>():61:61 -> <clinit>
    2:2:void <clinit>():70:70 -> <clinit>
    1:1:void <init>(android.widget.TextView):99:99 -> <init>
    2:2:void <init>(android.widget.TextView):78:78 -> <init>
    3:3:void <init>(android.widget.TextView):80:80 -> <init>
    4:4:void <init>(android.widget.TextView):82:82 -> <init>
    5:5:void <init>(android.widget.TextView):84:84 -> <init>
    6:6:void <init>(android.widget.TextView):86:86 -> <init>
    7:7:void <init>(android.widget.TextView):89:89 -> <init>
    8:8:void <init>(android.widget.TextView):93:93 -> <init>
    9:10:void <init>(android.widget.TextView):100:101 -> <init>
    1:1:void loadFromAttributes(android.util.AttributeSet,int):109:109 -> a
    2:3:void loadFromAttributes(android.util.AttributeSet,int):111:112 -> a
    4:5:void loadFromAttributes(android.util.AttributeSet,int):115:116 -> a